Using pre-set license
Built from '2022.3/staging' branch; Version is '2022.3.30f1 (70558241b701) revision 7361922'; Using compiler version '192829333'; Build Type 'Release'
OS: 'Windows 11  (10.0.26100) 64bit Core' Language: 'en' Physical Memory: 15659 MB
BatchMode: 1, IsHumanControllingUs: 0, StartBugReporterOnCrash: 0, Is64bit: 1, IsPro: 1

COMMAND LINE ARGUMENTS:
C:\Program Files\Unity\Hub\Editor\2022.3.30f1\Editor\Unity.exe
-adb2
-batchMode
-noUpm
-name
AssetImportWorker2
-projectPath
C:/Users/Tash/Desktop/GitHub/GDK_Summer_Game_Jam_2025
-logFile
Logs/AssetImportWorker2.log
-srvPort
63631
Successfully changed project path to: C:/Users/Tash/Desktop/GitHub/GDK_Summer_Game_Jam_2025
C:/Users/Tash/Desktop/GitHub/GDK_Summer_Game_Jam_2025
[UnityMemory] Configuration Parameters - Can be set up in boot.config
    "memorysetup-bucket-allocator-granularity=16"
    "memorysetup-bucket-allocator-bucket-count=8"
    "memorysetup-bucket-allocator-block-size=33554432"
    "memorysetup-bucket-allocator-block-count=8"
    "memorysetup-main-allocator-block-size=16777216"
    "memorysetup-thread-allocator-block-size=16777216"
    "memorysetup-gfx-main-allocator-block-size=16777216"
    "memorysetup-gfx-thread-allocator-block-size=16777216"
    "memorysetup-cache-allocator-block-size=4194304"
    "memorysetup-typetree-allocator-block-size=2097152"
    "memorysetup-profiler-bucket-allocator-granularity=16"
    "memorysetup-profiler-bucket-allocator-bucket-count=8"
    "memorysetup-profiler-bucket-allocator-block-size=33554432"
    "memorysetup-profiler-bucket-allocator-block-count=8"
    "memorysetup-profiler-allocator-block-size=16777216"
    "memorysetup-profiler-editor-allocator-block-size=1048576"
    "memorysetup-temp-allocator-size-main=16777216"
    "memorysetup-job-temp-allocator-block-size=2097152"
    "memorysetup-job-temp-allocator-block-size-background=1048576"
    "memorysetup-job-temp-allocator-reduction-small-platforms=262144"
    "memorysetup-allocator-temp-initial-block-size-main=262144"
    "memorysetup-allocator-temp-initial-block-size-worker=262144"
    "memorysetup-temp-allocator-size-background-worker=32768"
    "memorysetup-temp-allocator-size-job-worker=262144"
    "memorysetup-temp-allocator-size-preload-manager=33554432"
    "memorysetup-temp-allocator-size-nav-mesh-worker=65536"
    "memorysetup-temp-allocator-size-audio-worker=65536"
    "memorysetup-temp-allocator-size-cloud-worker=32768"
    "memorysetup-temp-allocator-size-gi-baking-worker=262144"
    "memorysetup-temp-allocator-size-gfx=262144"
Player connection [25916] Host "[IP] 192.168.1.58 [Port] 0 [Flags] 2 [Guid] 3923735075 [EditorId] 3923735075 [Version] 1048832 [Id] WindowsEditor(7,TashsComputer) [Debug] 1 [PackageName] WindowsEditor [ProjectName] Editor" joined multi-casting on [225.0.0.222:54997]...

Player connection [25916] Host "[IP] 192.168.1.58 [Port] 0 [Flags] 2 [Guid] 3923735075 [EditorId] 3923735075 [Version] 1048832 [Id] WindowsEditor(7,TashsComputer) [Debug] 1 [PackageName] WindowsEditor [ProjectName] Editor" joined alternative multi-casting on [225.0.0.222:34997]...

[Physics::Module] Initialized MultithreadedJobDispatcher with 15 workers.
Refreshing native plugins compatible for Editor in 8.08 ms, found 3 plugins.
Preloading 0 native plugins for Editor in 0.00 ms.
Initialize engine version: 2022.3.30f1 (70558241b701)
[Subsystems] Discovering subsystems at path C:/Program Files/Unity/Hub/Editor/2022.3.30f1/Editor/Data/Resources/UnitySubsystems
[Subsystems] Discovering subsystems at path C:/Users/Tash/Desktop/GitHub/GDK_Summer_Game_Jam_2025/Assets
GfxDevice: creating device client; threaded=0; jobified=0
Direct3D:
    Version:  Direct3D 11.0 [level 11.1]
    Renderer: AMD Radeon(TM) Graphics (ID=0x1638)
    Vendor:   ATI
    VRAM:     7829 MB
    Driver:   31.0.12042.4
Initialize mono
Mono path[0] = 'C:/Program Files/Unity/Hub/Editor/2022.3.30f1/Editor/Data/Managed'
Mono path[1] = 'C:/Program Files/Unity/Hub/Editor/2022.3.30f1/Editor/Data/MonoBleedingEdge/lib/mono/unityjit-win32'
Mono config path = 'C:/Program Files/Unity/Hub/Editor/2022.3.30f1/Editor/Data/MonoBleedingEdge/etc'
Using monoOptions --debugger-agent=transport=dt_socket,embedding=1,server=y,suspend=n,address=127.0.0.1:56420
Begin MonoManager ReloadAssembly
Registering precompiled unity dll's ...
Register platform support module: C:/Program Files/Unity/Hub/Editor/2022.3.30f1/Editor/Data/PlaybackEngines/WindowsStandaloneSupport/UnityEditor.WindowsStandalone.Extensions.dll
Register platform support module: C:/Program Files/Unity/Hub/Editor/2022.3.30f1/Editor/Data/PlaybackEngines/MetroSupport/UnityEditor.UWP.Extensions.dll
Registered in 0.008887 seconds.
- Loaded All Assemblies, in  0.358 seconds
Native extension for UWP target not found
Native extension for WindowsStandalone target not found
Mono: successfully reloaded assembly
- Finished resetting the current domain, in  0.286 seconds
Domain Reload Profiling: 643ms
	BeginReloadAssembly (109ms)
		ExecutionOrderSort (0ms)
		DisableScriptedObjects (0ms)
		BackupInstance (0ms)
		ReleaseScriptingObjects (0ms)
		CreateAndSetChildDomain (1ms)
	RebuildCommonClasses (31ms)
	RebuildNativeTypeToScriptingClass (9ms)
	initialDomainReloadingComplete (58ms)
	LoadAllAssembliesAndSetupDomain (150ms)
		LoadAssemblies (108ms)
		RebuildTransferFunctionScriptingTraits (0ms)
		AnalyzeDomain (148ms)
			TypeCache.Refresh (145ms)
				TypeCache.ScanAssembly (132ms)
			ScanForSourceGeneratedMonoScriptInfo (0ms)
			ResolveRequiredComponents (1ms)
	FinalizeReload (287ms)
		ReleaseScriptCaches (0ms)
		RebuildScriptCaches (0ms)
		SetupLoadedEditorAssemblies (231ms)
			LogAssemblyErrors (0ms)
			InitializePlatformSupportModulesInManaged (11ms)
			SetLoadedEditorAssemblies (5ms)
			RefreshPlugins (0ms)
			BeforeProcessingInitializeOnLoad (3ms)
			ProcessInitializeOnLoadAttributes (152ms)
			ProcessInitializeOnLoadMethodAttributes (59ms)
			AfterProcessingInitializeOnLoad (0ms)
			EditorAssembliesLoaded (0ms)
		ExecutionOrderSort2 (0ms)
		AwakeInstancesAfterBackupRestoration (0ms)
========================================================================
Worker process is ready to serve import requests
Begin MonoManager ReloadAssembly
- Loaded All Assemblies, in  0.754 seconds
Refreshing native plugins compatible for Editor in 3.72 ms, found 3 plugins.
Native extension for UWP target not found
Native extension for WindowsStandalone target not found
Mono: successfully reloaded assembly
- Finished resetting the current domain, in  0.551 seconds
Domain Reload Profiling: 1303ms
	BeginReloadAssembly (193ms)
		ExecutionOrderSort (0ms)
		DisableScriptedObjects (8ms)
		BackupInstance (0ms)
		ReleaseScriptingObjects (0ms)
		CreateAndSetChildDomain (33ms)
	RebuildCommonClasses (39ms)
	RebuildNativeTypeToScriptingClass (10ms)
	initialDomainReloadingComplete (50ms)
	LoadAllAssembliesAndSetupDomain (459ms)
		LoadAssemblies (411ms)
		RebuildTransferFunctionScriptingTraits (0ms)
		AnalyzeDomain (163ms)
			TypeCache.Refresh (142ms)
				TypeCache.ScanAssembly (128ms)
			ScanForSourceGeneratedMonoScriptInfo (14ms)
			ResolveRequiredComponents (5ms)
	FinalizeReload (552ms)
		ReleaseScriptCaches (0ms)
		RebuildScriptCaches (0ms)
		SetupLoadedEditorAssemblies (413ms)
			LogAssemblyErrors (0ms)
			InitializePlatformSupportModulesInManaged (6ms)
			SetLoadedEditorAssemblies (3ms)
			RefreshPlugins (0ms)
			BeforeProcessingInitializeOnLoad (62ms)
			ProcessInitializeOnLoadAttributes (314ms)
			ProcessInitializeOnLoadMethodAttributes (22ms)
			AfterProcessingInitializeOnLoad (6ms)
			EditorAssembliesLoaded (0ms)
		ExecutionOrderSort2 (0ms)
		AwakeInstancesAfterBackupRestoration (8ms)
Launched and connected shader compiler UnityShaderCompiler.exe after 0.06 seconds
Refreshing native plugins compatible for Editor in 5.45 ms, found 3 plugins.
Preloading 0 native plugins for Editor in 0.00 ms.
Unloading 3398 Unused Serialized files (Serialized files now loaded: 0)
Unloading 46 unused Assets / (1.8 MB). Loaded Objects now: 3869.
Memory consumption went from 182.4 MB to 180.6 MB.
Total: 4.961500 ms (FindLiveObjects: 0.548500 ms CreateObjectMapping: 0.404600 ms MarkObjects: 3.539000 ms  DeleteObjects: 0.466400 ms)

AssetImportParameters requested are different than current active one (requested -> active):
  custom:container-demuxer-ogg: 62fdf1f143b41e24485cea50d1cbac27 -> 
  custom:video-decoder-ogg-theora: a1e56fd34408186e4bbccfd4996cb3dc -> 
  custom:framework-win-MediaFoundation: 216162199b28c13a410421893ffa2e32 -> 
  custom:CustomObjectIndexerAttribute: 9a22284fe3817be447336de3de66b15e -> 
  custom:container-demuxer-webm: 4f35f7cbe854078d1ac9338744f61a02 -> 
  custom:container-muxer-webm: aa71ff27fc2769a1b78a27578f13a17b -> 
  custom:video-decoder-webm-vp8: 9c59270c3fd7afecdb556c50c9e8de78 -> 
  custom:SearchIndexIgnoredProperties: e643bd26f0fe6173181afceb89e7c659 -> 
  custom:AudioImporter_EditorPlatform: d09bf68614088b80899f8185d706f6e7 -> 
  custom:video-encoder-webm-vp8: eb34c28f22e8b96e1ab97ce403110664 -> 
  custom:audio-decoder-ogg-vorbis: bf7c407c2cedff20999df2af8eb42d56 -> 
  custom:audio-encoder-webm-vorbis: bf7c407c2cedff20999df2af8eb42d56 -> 
========================================================================
Received Import Request.
  Time since last request: 22550.816760 seconds.
  path: Assets/New Terrain 3.asset
  artifactKey: Guid(c26f7c5932b45184eb3132febb65568c) Importer(815301076,1909f56bfc062723c751e8b465ee728b)
Start importing Assets/New Terrain 3.asset using Guid(c26f7c5932b45184eb3132febb65568c) Importer(815301076,1909f56bfc062723c751e8b465ee728b)  -> (artifact id: 'c0d027b86798e6bbe527e8f4df08a69f') in 0.080129 seconds
Number of updated asset objects reloaded before import = 0
Number of asset objects unloaded after import = 3
========================================================================
Received Import Request.
  Time since last request: 0.000028 seconds.
  path: Assets/New Terrain 2.asset
  artifactKey: Guid(949ba5bdce112dc4181d87a2439ff506) Importer(815301076,1909f56bfc062723c751e8b465ee728b)
Start importing Assets/New Terrain 2.asset using Guid(949ba5bdce112dc4181d87a2439ff506) Importer(815301076,1909f56bfc062723c751e8b465ee728b)  -> (artifact id: '6c859d2fb57ae23d073be5647336c2d6') in 0.032324 seconds
Number of updated asset objects reloaded before import = 0
Number of asset objects unloaded after import = 3
========================================================================
Received Import Request.
  Time since last request: 57.422038 seconds.
  path: Assets/Scenes/MainScene.unity
  artifactKey: Guid(456812719f7b2924c95c1ab44ebcd60e) Importer(815301076,1909f56bfc062723c751e8b465ee728b)
Start importing Assets/Scenes/MainScene.unity using Guid(456812719f7b2924c95c1ab44ebcd60e) Importer(815301076,1909f56bfc062723c751e8b465ee728b)  -> (artifact id: 'adfa911af5842c60c2496bc49de823f5') in 0.000477 seconds
Number of updated asset objects reloaded before import = 0
Number of asset objects unloaded after import = 0
========================================================================
Received Import Request.
  Time since last request: 16.854439 seconds.
  path: Assets/Scenes/LowPolyScene.unity
  artifactKey: Guid(a4ecefc69988c924f94d6fb135d9c9bc) Importer(815301076,1909f56bfc062723c751e8b465ee728b)
Start importing Assets/Scenes/LowPolyScene.unity using Guid(a4ecefc69988c924f94d6fb135d9c9bc) Importer(815301076,1909f56bfc062723c751e8b465ee728b)  -> (artifact id: '95651f4757fdb84e31e6c53264fa4419') in 0.000395 seconds
Number of updated asset objects reloaded before import = 0
Number of asset objects unloaded after import = 0
========================================================================
Received Import Request.
  Time since last request: 174.873367 seconds.
  path: Assets/Scenes/LowPolyScene
  artifactKey: Guid(9ba5d06b72cc02f42acb34af6dac89f8) Importer(815301076,1909f56bfc062723c751e8b465ee728b)
Start importing Assets/Scenes/LowPolyScene using Guid(9ba5d06b72cc02f42acb34af6dac89f8) Importer(815301076,1909f56bfc062723c751e8b465ee728b)  -> (artifact id: '32c205e9a24d1325eed521e7f44dc893') in 0.000334 seconds
Number of updated asset objects reloaded before import = 0
Number of asset objects unloaded after import = 0
========================================================================
Received Import Request.
  Time since last request: 25.877986 seconds.
  path: Assets/RealisticAssets/Materials/NoFriction.physicMaterial
  artifactKey: Guid(96ec86fb800832b48b1ff1adc9ffd81d) Importer(815301076,1909f56bfc062723c751e8b465ee728b)
Start importing Assets/RealisticAssets/Materials/NoFriction.physicMaterial using Guid(96ec86fb800832b48b1ff1adc9ffd81d) Importer(815301076,1909f56bfc062723c751e8b465ee728b)  -> (artifact id: 'c44d6470caf5501fbd90f7b3207fcb03') in 0.000843 seconds
Number of updated asset objects reloaded before import = 0
Number of asset objects unloaded after import = 1
========================================================================
Received Import Request.
  Time since last request: 0.001528 seconds.
  path: Assets/RealisticAssets/Materials/PrototypeGround.mat
  artifactKey: Guid(59c6851e73b2cb243b440fd9b3fa29da) Importer(815301076,1909f56bfc062723c751e8b465ee728b)
Start importing Assets/RealisticAssets/Materials/PrototypeGround.mat using Guid(59c6851e73b2cb243b440fd9b3fa29da) Importer(815301076,1909f56bfc062723c751e8b465ee728b)  -> (artifact id: '11f6b3629070c3bb8f35e75a29b88494') in 0.079571 seconds
Number of updated asset objects reloaded before import = 0
Number of asset objects unloaded after import = 1
========================================================================
Received Import Request.
  Time since last request: 0.316670 seconds.
  path: Assets/RealisticAssets/Campfire/Campfire.fbx
  artifactKey: Guid(20cefda7b9ad27b4190fd6e74ca9710a) Importer(815301076,1909f56bfc062723c751e8b465ee728b)
Start importing Assets/RealisticAssets/Campfire/Campfire.fbx using Guid(20cefda7b9ad27b4190fd6e74ca9710a) Importer(815301076,1909f56bfc062723c751e8b465ee728b)  -> (artifact id: '6cf729e8a8d6faf9864473dcc5fe63d7') in 0.060362 seconds
Number of updated asset objects reloaded before import = 0
Number of asset objects unloaded after import = 13
========================================================================
Received Import Request.
  Time since last request: 0.000021 seconds.
  path: Assets/RealisticAssets/Campfire/Campfire_MAT_BaseColor_01.jpg
  artifactKey: Guid(1b21ba5de22bb3842ad2e3beee8635b6) Importer(815301076,1909f56bfc062723c751e8b465ee728b)
Start importing Assets/RealisticAssets/Campfire/Campfire_MAT_BaseColor_01.jpg using Guid(1b21ba5de22bb3842ad2e3beee8635b6) Importer(815301076,1909f56bfc062723c751e8b465ee728b)  -> (artifact id: 'c7f08fbdcd1bc12072998d7aceb97a00') in 0.024564 seconds
Number of updated asset objects reloaded before import = 0
Number of asset objects unloaded after import = 2
========================================================================
Received Import Request.
  Time since last request: 0.000013 seconds.
  path: Assets/RealisticAssets/Campfire/Campfire_MAT_Roughness.jpg
  artifactKey: Guid(15771faf4cd2a0141bdad385ec240e4a) Importer(815301076,1909f56bfc062723c751e8b465ee728b)
Start importing Assets/RealisticAssets/Campfire/Campfire_MAT_Roughness.jpg using Guid(15771faf4cd2a0141bdad385ec240e4a) Importer(815301076,1909f56bfc062723c751e8b465ee728b)  -> (artifact id: 'c8563d3aa283760e94e4b23e0cb47faa') in 0.018455 seconds
Number of updated asset objects reloaded before import = 0
Number of asset objects unloaded after import = 2
========================================================================
Received Import Request.
  Time since last request: 0.000025 seconds.
  path: Assets/RealisticAssets/Campfire/Campfire_MAT_BaseColor_00.jpg
  artifactKey: Guid(91b24a55f77fa6e46a8a2fd488ad1ae3) Importer(815301076,1909f56bfc062723c751e8b465ee728b)
Start importing Assets/RealisticAssets/Campfire/Campfire_MAT_BaseColor_00.jpg using Guid(91b24a55f77fa6e46a8a2fd488ad1ae3) Importer(815301076,1909f56bfc062723c751e8b465ee728b)  -> (artifact id: '3f710f586e0123800677c1633e8ae9bf') in 0.018366 seconds
Number of updated asset objects reloaded before import = 0
Number of asset objects unloaded after import = 2
========================================================================
Received Import Request.
  Time since last request: 0.000023 seconds.
  path: Assets/RealisticAssets/Campfire/Campfire_MAT_Normal_JL.jpg
  artifactKey: Guid(383e3ba33371412479917754186aa253) Importer(815301076,1909f56bfc062723c751e8b465ee728b)
Start importing Assets/RealisticAssets/Campfire/Campfire_MAT_Normal_JL.jpg using Guid(383e3ba33371412479917754186aa253) Importer(815301076,1909f56bfc062723c751e8b465ee728b)  -> (artifact id: '6ba0b90996c2985be7f058a931a6fea8') in 0.021583 seconds
Number of updated asset objects reloaded before import = 0
Number of asset objects unloaded after import = 2
========================================================================
Received Import Request.
  Time since last request: 0.000017 seconds.
  path: Assets/RealisticAssets/Campfire/Campfire_fire_MAT_BaseColor_Alpha.png
  artifactKey: Guid(2c820697f83ad9047b0b5e97fd15655b) Importer(815301076,1909f56bfc062723c751e8b465ee728b)
Start importing Assets/RealisticAssets/Campfire/Campfire_fire_MAT_BaseColor_Alpha.png using Guid(2c820697f83ad9047b0b5e97fd15655b) Importer(815301076,1909f56bfc062723c751e8b465ee728b)  -> (artifact id: 'e51ec1c776ae95f9a9e854da3f003f14') in 0.017146 seconds
Number of updated asset objects reloaded before import = 0
Number of asset objects unloaded after import = 2
========================================================================
Received Import Request.
  Time since last request: 0.000023 seconds.
  path: Assets/RealisticAssets/Campfire/Campfire_MAT_AO.jpg
  artifactKey: Guid(7a803e9b27e63f74eb826f2247f16a57) Importer(815301076,1909f56bfc062723c751e8b465ee728b)
Start importing Assets/RealisticAssets/Campfire/Campfire_MAT_AO.jpg using Guid(7a803e9b27e63f74eb826f2247f16a57) Importer(815301076,1909f56bfc062723c751e8b465ee728b)  -> (artifact id: '4f2bec2138b829393f84fe8f16a4598c') in 0.016841 seconds
Number of updated asset objects reloaded before import = 0
Number of asset objects unloaded after import = 2
========================================================================
Received Import Request.
  Time since last request: 0.000019 seconds.
  path: Assets/RealisticAssets/Campfire/Campfire_MAT_nofire.mat
  artifactKey: Guid(4517b0d20e582dd4595707c2d67c51cd) Importer(815301076,1909f56bfc062723c751e8b465ee728b)
Start importing Assets/RealisticAssets/Campfire/Campfire_MAT_nofire.mat using Guid(4517b0d20e582dd4595707c2d67c51cd) Importer(815301076,1909f56bfc062723c751e8b465ee728b)  -> (artifact id: 'abe6492bf79d3051218f0cffb508dcc5') in 0.023820 seconds
Number of updated asset objects reloaded before import = 0
Number of asset objects unloaded after import = 6
========================================================================
Received Import Request.
  Time since last request: 0.000015 seconds.
  path: Assets/RealisticAssets/Campfire/Campfire_MAT.mat
  artifactKey: Guid(42abacf0405b0a849bd479b4aebe779e) Importer(815301076,1909f56bfc062723c751e8b465ee728b)
Start importing Assets/RealisticAssets/Campfire/Campfire_MAT.mat using Guid(42abacf0405b0a849bd479b4aebe779e) Importer(815301076,1909f56bfc062723c751e8b465ee728b)  -> (artifact id: '4fe5e90fe87f61e56a14823af5a3ea66') in 0.025571 seconds
Number of updated asset objects reloaded before import = 0
Number of asset objects unloaded after import = 6
========================================================================
Received Import Request.
  Time since last request: 0.000014 seconds.
  path: Assets/RealisticAssets/Campfire/Campfire_MAT_Metallic.jpg
  artifactKey: Guid(980f4e9158d86174bacf9b31d18f394e) Importer(815301076,1909f56bfc062723c751e8b465ee728b)
Start importing Assets/RealisticAssets/Campfire/Campfire_MAT_Metallic.jpg using Guid(980f4e9158d86174bacf9b31d18f394e) Importer(815301076,1909f56bfc062723c751e8b465ee728b)  -> (artifact id: 'bc80fd35e19adbc0e5ddffbe75ca48f3') in 0.019644 seconds
Number of updated asset objects reloaded before import = 0
Number of asset objects unloaded after import = 2
========================================================================
Received Import Request.
  Time since last request: 0.000018 seconds.
  path: Assets/RealisticAssets/Campfire/Campfire_fire_MAT.mat
  artifactKey: Guid(45c7bc0c16715aa4eb4f60a4c060c89b) Importer(815301076,1909f56bfc062723c751e8b465ee728b)
Start importing Assets/RealisticAssets/Campfire/Campfire_fire_MAT.mat using Guid(45c7bc0c16715aa4eb4f60a4c060c89b) Importer(815301076,1909f56bfc062723c751e8b465ee728b)  -> (artifact id: '2e46c5f1cf9718ac59ba0ad78cd6c916') in 0.023667 seconds
Number of updated asset objects reloaded before import = 0
Number of asset objects unloaded after import = 2
========================================================================
Received Import Request.
  Time since last request: 1.020983 seconds.
  path: Assets/RealisticAssets/2277_MilitaryShelterhalfTent/MilitaryShelterhalfTent/shelterhalves.obj
  artifactKey: Guid(41928a2bcf7acb84d8ee36be5d63c89a) Importer(815301076,1909f56bfc062723c751e8b465ee728b)
Start importing Assets/RealisticAssets/2277_MilitaryShelterhalfTent/MilitaryShelterhalfTent/shelterhalves.obj using Guid(41928a2bcf7acb84d8ee36be5d63c89a) Importer(815301076,1909f56bfc062723c751e8b465ee728b)  -> (artifact id: '829ed5a0455420b5d5d95a55bcf11473') in 0.181388 seconds
Number of updated asset objects reloaded before import = 0
Number of asset objects unloaded after import = 85
========================================================================
Received Import Request.
  Time since last request: 9.278940 seconds.
  path: Assets/LowPolyAssets/SimpleNaturePack/Textures
  artifactKey: Guid(2d44b6cffc02046488649c55d0f4d79e) Importer(815301076,1909f56bfc062723c751e8b465ee728b)
Start importing Assets/LowPolyAssets/SimpleNaturePack/Textures using Guid(2d44b6cffc02046488649c55d0f4d79e) Importer(815301076,1909f56bfc062723c751e8b465ee728b)  -> (artifact id: '43ff2a0e8572c5b322d1c0306570fd01') in 0.000437 seconds
Number of updated asset objects reloaded before import = 0
Number of asset objects unloaded after import = 0
========================================================================
Received Import Request.
  Time since last request: 0.088220 seconds.
  path: Assets/LowPolyAssets/SimpleNaturePack/Textures/NaturePackLite_Texture_01.png
  artifactKey: Guid(28a51d508c86a8948b59df81d5188b17) Importer(815301076,1909f56bfc062723c751e8b465ee728b)
Start importing Assets/LowPolyAssets/SimpleNaturePack/Textures/NaturePackLite_Texture_01.png using Guid(28a51d508c86a8948b59df81d5188b17) Importer(815301076,1909f56bfc062723c751e8b465ee728b)  -> (artifact id: 'f8cffcc265f6eaac6f909fdb9e80c9f5') in 0.022206 seconds
Number of updated asset objects reloaded before import = 0
Number of asset objects unloaded after import = 2
========================================================================
Received Import Request.
  Time since last request: 11.117164 seconds.
  path: Assets/LowPolyAssets/WoodsLifestyle/Models/Stairs_Ladders/Ladder_01.fbx
  artifactKey: Guid(0c22c55d826286441ba51b4263ab85ef) Importer(815301076,1909f56bfc062723c751e8b465ee728b)
Start importing Assets/LowPolyAssets/WoodsLifestyle/Models/Stairs_Ladders/Ladder_01.fbx using Guid(0c22c55d826286441ba51b4263ab85ef) Importer(815301076,1909f56bfc062723c751e8b465ee728b)  -> (artifact id: '72eb02c71f1867027881b3c5b6b55dd3') in 0.023818 seconds
Number of updated asset objects reloaded before import = 0
Number of asset objects unloaded after import = 9
========================================================================
Received Import Request.
  Time since last request: 1.166373 seconds.
  path: Assets/LowPolyAssets/WoodsLifestyle/Models/Rocks/Rock_01_a.fbx
  artifactKey: Guid(134dbe6ed9bf2db4dad37b1db84e5160) Importer(815301076,1909f56bfc062723c751e8b465ee728b)
Start importing Assets/LowPolyAssets/WoodsLifestyle/Models/Rocks/Rock_01_a.fbx using Guid(134dbe6ed9bf2db4dad37b1db84e5160) Importer(815301076,1909f56bfc062723c751e8b465ee728b)  -> (artifact id: '7a3740d861e76c3aa612cfe0903b34a6') in 0.015929 seconds
Number of updated asset objects reloaded before import = 0
Number of asset objects unloaded after import = 9
========================================================================
Received Import Request.
  Time since last request: 0.000014 seconds.
  path: Assets/LowPolyAssets/WoodsLifestyle/Models/Rocks/Rock_03_a.fbx
  artifactKey: Guid(b2f682c2245381543bff05a3b6217ffe) Importer(815301076,1909f56bfc062723c751e8b465ee728b)
Start importing Assets/LowPolyAssets/WoodsLifestyle/Models/Rocks/Rock_03_a.fbx using Guid(b2f682c2245381543bff05a3b6217ffe) Importer(815301076,1909f56bfc062723c751e8b465ee728b)  -> (artifact id: 'cc90c55bb57579edded299cbd0db8e47') in 0.025288 seconds
Number of updated asset objects reloaded before import = 0
Number of asset objects unloaded after import = 9
========================================================================
Received Import Request.
  Time since last request: 0.000015 seconds.
  path: Assets/LowPolyAssets/WoodsLifestyle/Models/Rocks/RockBarrier_01_a.fbx
  artifactKey: Guid(d12199290f759b14baafc15879f17198) Importer(815301076,1909f56bfc062723c751e8b465ee728b)
Start importing Assets/LowPolyAssets/WoodsLifestyle/Models/Rocks/RockBarrier_01_a.fbx using Guid(d12199290f759b14baafc15879f17198) Importer(815301076,1909f56bfc062723c751e8b465ee728b)  -> (artifact id: '8c9b08a49c88e3660f2fdee85e44282a') in 0.024405 seconds
Number of updated asset objects reloaded before import = 0
Number of asset objects unloaded after import = 9
========================================================================
Received Import Request.
  Time since last request: 0.000035 seconds.
  path: Assets/LowPolyAssets/WoodsLifestyle/Models/Rocks/Rock_01_d.fbx
  artifactKey: Guid(d1a962341e285304da40781019afaa9d) Importer(815301076,1909f56bfc062723c751e8b465ee728b)
Start importing Assets/LowPolyAssets/WoodsLifestyle/Models/Rocks/Rock_01_d.fbx using Guid(d1a962341e285304da40781019afaa9d) Importer(815301076,1909f56bfc062723c751e8b465ee728b)  -> (artifact id: '66c07a7838c3be3d81df882bd6b0e31f') in 0.014725 seconds
Number of updated asset objects reloaded before import = 0
Number of asset objects unloaded after import = 9
========================================================================
Received Import Request.
  Time since last request: 0.000057 seconds.
  path: Assets/LowPolyAssets/WoodsLifestyle/Models/Rocks/Rock_02_d.fbx
  artifactKey: Guid(39a092084d898ef448a0f820fdda52eb) Importer(815301076,1909f56bfc062723c751e8b465ee728b)
Start importing Assets/LowPolyAssets/WoodsLifestyle/Models/Rocks/Rock_02_d.fbx using Guid(39a092084d898ef448a0f820fdda52eb) Importer(815301076,1909f56bfc062723c751e8b465ee728b)  -> (artifact id: '3c36749c28755de270d21f47b79bb774') in 0.015867 seconds
Number of updated asset objects reloaded before import = 0
Number of asset objects unloaded after import = 9
========================================================================
Received Import Request.
  Time since last request: 0.000016 seconds.
  path: Assets/LowPolyAssets/WoodsLifestyle/Models/Rocks/Rock_02_e.fbx
  artifactKey: Guid(5a16db2e3eb853f4994ce3c57bdf39c8) Importer(815301076,1909f56bfc062723c751e8b465ee728b)
Start importing Assets/LowPolyAssets/WoodsLifestyle/Models/Rocks/Rock_02_e.fbx using Guid(5a16db2e3eb853f4994ce3c57bdf39c8) Importer(815301076,1909f56bfc062723c751e8b465ee728b)  -> (artifact id: 'cce77d775ea2fd311266f691f393dc0b') in 0.023735 seconds
Number of updated asset objects reloaded before import = 0
Number of asset objects unloaded after import = 9
========================================================================
Received Import Request.
  Time since last request: 0.000017 seconds.
  path: Assets/LowPolyAssets/WoodsLifestyle/Models/Rocks/Rock_02_a.fbx
  artifactKey: Guid(ef055c2aa50ed0d45bd94546b973fdd0) Importer(815301076,1909f56bfc062723c751e8b465ee728b)
Start importing Assets/LowPolyAssets/WoodsLifestyle/Models/Rocks/Rock_02_a.fbx using Guid(ef055c2aa50ed0d45bd94546b973fdd0) Importer(815301076,1909f56bfc062723c751e8b465ee728b)  -> (artifact id: '8463342a12c82365aad16cab054eed6d') in 0.028006 seconds
Number of updated asset objects reloaded before import = 0
Number of asset objects unloaded after import = 9
========================================================================
Received Import Request.
  Time since last request: 0.000021 seconds.
  path: Assets/LowPolyAssets/WoodsLifestyle/Models/Rocks/Rock_02_b.fbx
  artifactKey: Guid(83f83f83c309b554394085851b06f2b5) Importer(815301076,1909f56bfc062723c751e8b465ee728b)
Start importing Assets/LowPolyAssets/WoodsLifestyle/Models/Rocks/Rock_02_b.fbx using Guid(83f83f83c309b554394085851b06f2b5) Importer(815301076,1909f56bfc062723c751e8b465ee728b)  -> (artifact id: 'b41750515fceb03854e2a12a432578a5') in 0.021429 seconds
Number of updated asset objects reloaded before import = 0
Number of asset objects unloaded after import = 9
========================================================================
Received Import Request.
  Time since last request: 0.308660 seconds.
  path: Assets/LowPolyAssets/WoodsLifestyle/Models/Logs_Wood/FireWood_01.fbx
  artifactKey: Guid(bb47b2717c7c4874786ddfa976e2d091) Importer(815301076,1909f56bfc062723c751e8b465ee728b)
Start importing Assets/LowPolyAssets/WoodsLifestyle/Models/Logs_Wood/FireWood_01.fbx using Guid(bb47b2717c7c4874786ddfa976e2d091) Importer(815301076,1909f56bfc062723c751e8b465ee728b)  -> (artifact id: '85e1b1820f9e44ab0a32e61066f53f41') in 0.021729 seconds
Number of updated asset objects reloaded before import = 0
Number of asset objects unloaded after import = 9
========================================================================
Received Import Request.
  Time since last request: 0.000016 seconds.
  path: Assets/LowPolyAssets/WoodsLifestyle/Models/Logs_Wood/LogHeap_01_a.fbx
  artifactKey: Guid(76b05828dbaaacc48bc2fdc16213fb4c) Importer(815301076,1909f56bfc062723c751e8b465ee728b)
Start importing Assets/LowPolyAssets/WoodsLifestyle/Models/Logs_Wood/LogHeap_01_a.fbx using Guid(76b05828dbaaacc48bc2fdc16213fb4c) Importer(815301076,1909f56bfc062723c751e8b465ee728b)  -> (artifact id: '896fbde5b329ff0e6edd7dcec2f19d77') in 0.025936 seconds
Number of updated asset objects reloaded before import = 0
Number of asset objects unloaded after import = 9
========================================================================
Received Import Request.
  Time since last request: 1.579860 seconds.
  path: Assets/LowPolyAssets/WoodsLifestyle/Models/Buildings/Bridge_01.fbx
  artifactKey: Guid(2a1d8275bed287f4ab6cab011df86adc) Importer(815301076,1909f56bfc062723c751e8b465ee728b)
Start importing Assets/LowPolyAssets/WoodsLifestyle/Models/Buildings/Bridge_01.fbx using Guid(2a1d8275bed287f4ab6cab011df86adc) Importer(815301076,1909f56bfc062723c751e8b465ee728b)  -> (artifact id: '927bc24b5aee6f2e156094b50b7498ef') in 0.022983 seconds
Number of updated asset objects reloaded before import = 0
Number of asset objects unloaded after import = 9
========================================================================
Received Import Request.
  Time since last request: 0.000014 seconds.
  path: Assets/LowPolyAssets/WoodsLifestyle/Models/Buildings/Well_01.fbx
  artifactKey: Guid(4f49a178802889240940614840a8758e) Importer(815301076,1909f56bfc062723c751e8b465ee728b)
Start importing Assets/LowPolyAssets/WoodsLifestyle/Models/Buildings/Well_01.fbx using Guid(4f49a178802889240940614840a8758e) Importer(815301076,1909f56bfc062723c751e8b465ee728b)  -> (artifact id: '236fc991a1af3196d4f0e37e95772e19') in 0.027204 seconds
Number of updated asset objects reloaded before import = 0
Number of asset objects unloaded after import = 9
========================================================================
Received Import Request.
  Time since last request: 0.000026 seconds.
  path: Assets/LowPolyAssets/WoodsLifestyle/Models/Buildings/Shed_01.fbx
  artifactKey: Guid(5efcd5d9e2e5ba14d944b6c2d5280f04) Importer(815301076,1909f56bfc062723c751e8b465ee728b)
Start importing Assets/LowPolyAssets/WoodsLifestyle/Models/Buildings/Shed_01.fbx using Guid(5efcd5d9e2e5ba14d944b6c2d5280f04) Importer(815301076,1909f56bfc062723c751e8b465ee728b)  -> (artifact id: '0a4961e91d60d0c2b9d2f525db019b6c') in 0.025280 seconds
Number of updated asset objects reloaded before import = 0
Number of asset objects unloaded after import = 9
========================================================================
Received Import Request.
  Time since last request: 0.471289 seconds.
  path: Assets/LowPolyAssets/WoodsLifestyle/Models/Boards/Board_01_a.fbx
  artifactKey: Guid(e712748253b139349b2a6e8544f23013) Importer(815301076,1909f56bfc062723c751e8b465ee728b)
Start importing Assets/LowPolyAssets/WoodsLifestyle/Models/Boards/Board_01_a.fbx using Guid(e712748253b139349b2a6e8544f23013) Importer(815301076,1909f56bfc062723c751e8b465ee728b)  -> (artifact id: '6ac269cfb6a4926a89f8af4bbe138091') in 0.025062 seconds
Number of updated asset objects reloaded before import = 0
Number of asset objects unloaded after import = 9
========================================================================
Received Import Request.
  Time since last request: 0.000062 seconds.
  path: Assets/LowPolyAssets/WoodsLifestyle/Models/Boards/Board_01_b002.fbx
  artifactKey: Guid(bba3fb8f0e1708845bbeb5b021243e98) Importer(815301076,1909f56bfc062723c751e8b465ee728b)
Start importing Assets/LowPolyAssets/WoodsLifestyle/Models/Boards/Board_01_b002.fbx using Guid(bba3fb8f0e1708845bbeb5b021243e98) Importer(815301076,1909f56bfc062723c751e8b465ee728b)  -> (artifact id: '56a2e3f1cfa526f33c3d308a802d5fe3') in 0.021544 seconds
Number of updated asset objects reloaded before import = 0
Number of asset objects unloaded after import = 9
========================================================================
Received Import Request.
  Time since last request: 0.000013 seconds.
  path: Assets/LowPolyAssets/WoodsLifestyle/Models/Boards/Palnk_02_a.fbx
  artifactKey: Guid(9e6b77ca61daa8f4ea9c8a7e2122c887) Importer(815301076,1909f56bfc062723c751e8b465ee728b)
Start importing Assets/LowPolyAssets/WoodsLifestyle/Models/Boards/Palnk_02_a.fbx using Guid(9e6b77ca61daa8f4ea9c8a7e2122c887) Importer(815301076,1909f56bfc062723c751e8b465ee728b)  -> (artifact id: '190ec30a9809527a7de62f081d1ef66b') in 0.024675 seconds
Number of updated asset objects reloaded before import = 0
Number of asset objects unloaded after import = 9
========================================================================
Received Import Request.
  Time since last request: 1104.530930 seconds.
  path: Assets/Scenes/LowPolyScene.unity
  artifactKey: Guid(a4ecefc69988c924f94d6fb135d9c9bc) Importer(815301076,1909f56bfc062723c751e8b465ee728b)
Start importing Assets/Scenes/LowPolyScene.unity using Guid(a4ecefc69988c924f94d6fb135d9c9bc) Importer(815301076,1909f56bfc062723c751e8b465ee728b)  -> (artifact id: '823a73976660c1bcee1ed4e758e88f75') in 0.000578 seconds
Number of updated asset objects reloaded before import = 0
Number of asset objects unloaded after import = 0
========================================================================
Received Import Request.
  Time since last request: 150.533742 seconds.
  path: Assets/Scenes/MainScene.unity
  artifactKey: Guid(456812719f7b2924c95c1ab44ebcd60e) Importer(815301076,1909f56bfc062723c751e8b465ee728b)
Start importing Assets/Scenes/MainScene.unity using Guid(456812719f7b2924c95c1ab44ebcd60e) Importer(815301076,1909f56bfc062723c751e8b465ee728b)  -> (artifact id: 'afae368fb4b7758af01ffc126ba7dc6a') in 0.000424 seconds
Number of updated asset objects reloaded before import = 0
Number of asset objects unloaded after import = 0
========================================================================
Received Prepare
Begin MonoManager ReloadAssembly
- Loaded All Assemblies, in  0.401 seconds
Refreshing native plugins compatible for Editor in 3.28 ms, found 3 plugins.
Native extension for UWP target not found
Native extension for WindowsStandalone target not found
Mono: successfully reloaded assembly
- Finished resetting the current domain, in  0.882 seconds
Domain Reload Profiling: 1281ms
	BeginReloadAssembly (130ms)
		ExecutionOrderSort (0ms)
		DisableScriptedObjects (3ms)
		BackupInstance (0ms)
		ReleaseScriptingObjects (0ms)
		CreateAndSetChildDomain (34ms)
	RebuildCommonClasses (25ms)
	RebuildNativeTypeToScriptingClass (8ms)
	initialDomainReloadingComplete (26ms)
	LoadAllAssembliesAndSetupDomain (210ms)
		LoadAssemblies (266ms)
		RebuildTransferFunctionScriptingTraits (0ms)
		AnalyzeDomain (10ms)
			TypeCache.Refresh (4ms)
				TypeCache.ScanAssembly (0ms)
			ScanForSourceGeneratedMonoScriptInfo (0ms)
			ResolveRequiredComponents (5ms)
	FinalizeReload (882ms)
		ReleaseScriptCaches (0ms)
		RebuildScriptCaches (0ms)
		SetupLoadedEditorAssemblies (364ms)
			LogAssemblyErrors (0ms)
			InitializePlatformSupportModulesInManaged (7ms)
			SetLoadedEditorAssemblies (3ms)
			RefreshPlugins (0ms)
			BeforeProcessingInitializeOnLoad (53ms)
			ProcessInitializeOnLoadAttributes (271ms)
			ProcessInitializeOnLoadMethodAttributes (23ms)
			AfterProcessingInitializeOnLoad (7ms)
			EditorAssembliesLoaded (0ms)
		ExecutionOrderSort2 (0ms)
		AwakeInstancesAfterBackupRestoration (8ms)
Refreshing native plugins compatible for Editor in 3.28 ms, found 3 plugins.
Preloading 0 native plugins for Editor in 0.00 ms.
Unloading 3338 Unused Serialized files (Serialized files now loaded: 0)
Unloading 37 unused Assets / (1.8 MB). Loaded Objects now: 3920.
Memory consumption went from 173.4 MB to 171.7 MB.
Total: 4.903000 ms (FindLiveObjects: 0.439400 ms CreateObjectMapping: 0.383600 ms MarkObjects: 3.453000 ms  DeleteObjects: 0.625400 ms)

Prepare: number of updated asset objects reloaded= 0
AssetImportParameters requested are different than current active one (requested -> active):
  custom:container-demuxer-ogg: 62fdf1f143b41e24485cea50d1cbac27 -> 
  custom:video-decoder-ogg-theora: a1e56fd34408186e4bbccfd4996cb3dc -> 
  custom:framework-win-MediaFoundation: 216162199b28c13a410421893ffa2e32 -> 
  custom:CustomObjectIndexerAttribute: 9a22284fe3817be447336de3de66b15e -> 
  custom:container-demuxer-webm: 4f35f7cbe854078d1ac9338744f61a02 -> 
  custom:container-muxer-webm: aa71ff27fc2769a1b78a27578f13a17b -> 
  custom:video-decoder-webm-vp8: 9c59270c3fd7afecdb556c50c9e8de78 -> 
  custom:SearchIndexIgnoredProperties: e643bd26f0fe6173181afceb89e7c659 -> 
  custom:AudioImporter_EditorPlatform: d09bf68614088b80899f8185d706f6e7 -> 
  custom:video-encoder-webm-vp8: eb34c28f22e8b96e1ab97ce403110664 -> 
  custom:audio-decoder-ogg-vorbis: bf7c407c2cedff20999df2af8eb42d56 -> 
  custom:audio-encoder-webm-vorbis: bf7c407c2cedff20999df2af8eb42d56 -> 
