Using pre-set license
Built from '2022.3/staging' branch; Version is '2022.3.30f1 (70558241b701) revision 7361922'; Using compiler version '192829333'; Build Type 'Release'
OS: 'Windows 11  (10.0.26100) 64bit Core' Language: 'en' Physical Memory: 15659 MB
BatchMode: 1, IsHumanControllingUs: 0, StartBugReporterOnCrash: 0, Is64bit: 1, IsPro: 1

COMMAND LINE ARGUMENTS:
C:\Program Files\Unity\Hub\Editor\2022.3.30f1\Editor\Unity.exe
-adb2
-batchMode
-noUpm
-name
AssetImportWorker2
-projectPath
C:/Users/Tash/Desktop/GitHub/GDK_Summer_Game_Jam_2025
-logFile
Logs/AssetImportWorker2.log
-srvPort
60894
Successfully changed project path to: C:/Users/Tash/Desktop/GitHub/GDK_Summer_Game_Jam_2025
C:/Users/Tash/Desktop/GitHub/GDK_Summer_Game_Jam_2025
[UnityMemory] Configuration Parameters - Can be set up in boot.config
    "memorysetup-bucket-allocator-granularity=16"
    "memorysetup-bucket-allocator-bucket-count=8"
    "memorysetup-bucket-allocator-block-size=33554432"
    "memorysetup-bucket-allocator-block-count=8"
    "memorysetup-main-allocator-block-size=16777216"
    "memorysetup-thread-allocator-block-size=16777216"
    "memorysetup-gfx-main-allocator-block-size=16777216"
    "memorysetup-gfx-thread-allocator-block-size=16777216"
    "memorysetup-cache-allocator-block-size=4194304"
    "memorysetup-typetree-allocator-block-size=2097152"
    "memorysetup-profiler-bucket-allocator-granularity=16"
    "memorysetup-profiler-bucket-allocator-bucket-count=8"
    "memorysetup-profiler-bucket-allocator-block-size=33554432"
    "memorysetup-profiler-bucket-allocator-block-count=8"
    "memorysetup-profiler-allocator-block-size=16777216"
    "memorysetup-profiler-editor-allocator-block-size=1048576"
    "memorysetup-temp-allocator-size-main=16777216"
    "memorysetup-job-temp-allocator-block-size=2097152"
    "memorysetup-job-temp-allocator-block-size-background=1048576"
    "memorysetup-job-temp-allocator-reduction-small-platforms=262144"
    "memorysetup-allocator-temp-initial-block-size-main=262144"
    "memorysetup-allocator-temp-initial-block-size-worker=262144"
    "memorysetup-temp-allocator-size-background-worker=32768"
    "memorysetup-temp-allocator-size-job-worker=262144"
    "memorysetup-temp-allocator-size-preload-manager=33554432"
    "memorysetup-temp-allocator-size-nav-mesh-worker=65536"
    "memorysetup-temp-allocator-size-audio-worker=65536"
    "memorysetup-temp-allocator-size-cloud-worker=32768"
    "memorysetup-temp-allocator-size-gi-baking-worker=262144"
    "memorysetup-temp-allocator-size-gfx=262144"
Player connection [22640] Host "[IP] 192.168.1.58 [Port] 0 [Flags] 2 [Guid] 240271979 [EditorId] 240271979 [Version] 1048832 [Id] WindowsEditor(7,TashsComputer) [Debug] 1 [PackageName] WindowsEditor [ProjectName] Editor" joined multi-casting on [225.0.0.222:54997]...

Player connection [22640] Host "[IP] 192.168.1.58 [Port] 0 [Flags] 2 [Guid] 240271979 [EditorId] 240271979 [Version] 1048832 [Id] WindowsEditor(7,TashsComputer) [Debug] 1 [PackageName] WindowsEditor [ProjectName] Editor" joined alternative multi-casting on [225.0.0.222:34997]...

[Physics::Module] Initialized MultithreadedJobDispatcher with 15 workers.
Refreshing native plugins compatible for Editor in 7.95 ms, found 3 plugins.
Preloading 0 native plugins for Editor in 0.00 ms.
Initialize engine version: 2022.3.30f1 (70558241b701)
[Subsystems] Discovering subsystems at path C:/Program Files/Unity/Hub/Editor/2022.3.30f1/Editor/Data/Resources/UnitySubsystems
[Subsystems] Discovering subsystems at path C:/Users/Tash/Desktop/GitHub/GDK_Summer_Game_Jam_2025/Assets
GfxDevice: creating device client; threaded=0; jobified=0
Direct3D:
    Version:  Direct3D 11.0 [level 11.1]
    Renderer: AMD Radeon(TM) Graphics (ID=0x1638)
    Vendor:   ATI
    VRAM:     7829 MB
    Driver:   31.0.12042.4
Initialize mono
Mono path[0] = 'C:/Program Files/Unity/Hub/Editor/2022.3.30f1/Editor/Data/Managed'
Mono path[1] = 'C:/Program Files/Unity/Hub/Editor/2022.3.30f1/Editor/Data/MonoBleedingEdge/lib/mono/unityjit-win32'
Mono config path = 'C:/Program Files/Unity/Hub/Editor/2022.3.30f1/Editor/Data/MonoBleedingEdge/etc'
Using monoOptions --debugger-agent=transport=dt_socket,embedding=1,server=y,suspend=n,address=127.0.0.1:56216
Begin MonoManager ReloadAssembly
Registering precompiled unity dll's ...
Register platform support module: C:/Program Files/Unity/Hub/Editor/2022.3.30f1/Editor/Data/PlaybackEngines/WindowsStandaloneSupport/UnityEditor.WindowsStandalone.Extensions.dll
Register platform support module: C:/Program Files/Unity/Hub/Editor/2022.3.30f1/Editor/Data/PlaybackEngines/MetroSupport/UnityEditor.UWP.Extensions.dll
Registered in 0.005793 seconds.
- Loaded All Assemblies, in  0.258 seconds
Native extension for UWP target not found
Native extension for WindowsStandalone target not found
Mono: successfully reloaded assembly
- Finished resetting the current domain, in  0.213 seconds
Domain Reload Profiling: 470ms
	BeginReloadAssembly (76ms)
		ExecutionOrderSort (0ms)
		DisableScriptedObjects (0ms)
		BackupInstance (0ms)
		ReleaseScriptingObjects (0ms)
		CreateAndSetChildDomain (1ms)
	RebuildCommonClasses (25ms)
	RebuildNativeTypeToScriptingClass (8ms)
	initialDomainReloadingComplete (44ms)
	LoadAllAssembliesAndSetupDomain (103ms)
		LoadAssemblies (75ms)
		RebuildTransferFunctionScriptingTraits (0ms)
		AnalyzeDomain (101ms)
			TypeCache.Refresh (100ms)
				TypeCache.ScanAssembly (90ms)
			ScanForSourceGeneratedMonoScriptInfo (0ms)
			ResolveRequiredComponents (0ms)
	FinalizeReload (213ms)
		ReleaseScriptCaches (0ms)
		RebuildScriptCaches (0ms)
		SetupLoadedEditorAssemblies (168ms)
			LogAssemblyErrors (0ms)
			InitializePlatformSupportModulesInManaged (8ms)
			SetLoadedEditorAssemblies (4ms)
			RefreshPlugins (0ms)
			BeforeProcessingInitializeOnLoad (2ms)
			ProcessInitializeOnLoadAttributes (116ms)
			ProcessInitializeOnLoadMethodAttributes (37ms)
			AfterProcessingInitializeOnLoad (0ms)
			EditorAssembliesLoaded (0ms)
		ExecutionOrderSort2 (0ms)
		AwakeInstancesAfterBackupRestoration (0ms)
========================================================================
Worker process is ready to serve import requests
Begin MonoManager ReloadAssembly
- Loaded All Assemblies, in  0.454 seconds
Refreshing native plugins compatible for Editor in 2.83 ms, found 3 plugins.
Native extension for UWP target not found
Native extension for WindowsStandalone target not found
Mono: successfully reloaded assembly
- Finished resetting the current domain, in  0.436 seconds
Domain Reload Profiling: 888ms
	BeginReloadAssembly (109ms)
		ExecutionOrderSort (0ms)
		DisableScriptedObjects (4ms)
		BackupInstance (0ms)
		ReleaseScriptingObjects (0ms)
		CreateAndSetChildDomain (17ms)
	RebuildCommonClasses (25ms)
	RebuildNativeTypeToScriptingClass (7ms)
	initialDomainReloadingComplete (33ms)
	LoadAllAssembliesAndSetupDomain (278ms)
		LoadAssemblies (213ms)
		RebuildTransferFunctionScriptingTraits (0ms)
		AnalyzeDomain (127ms)
			TypeCache.Refresh (110ms)
				TypeCache.ScanAssembly (100ms)
			ScanForSourceGeneratedMonoScriptInfo (12ms)
			ResolveRequiredComponents (4ms)
	FinalizeReload (436ms)
		ReleaseScriptCaches (0ms)
		RebuildScriptCaches (0ms)
		SetupLoadedEditorAssemblies (325ms)
			LogAssemblyErrors (0ms)
			InitializePlatformSupportModulesInManaged (5ms)
			SetLoadedEditorAssemblies (2ms)
			RefreshPlugins (0ms)
			BeforeProcessingInitializeOnLoad (47ms)
			ProcessInitializeOnLoadAttributes (249ms)
			ProcessInitializeOnLoadMethodAttributes (17ms)
			AfterProcessingInitializeOnLoad (5ms)
			EditorAssembliesLoaded (0ms)
		ExecutionOrderSort2 (0ms)
		AwakeInstancesAfterBackupRestoration (6ms)
Launched and connected shader compiler UnityShaderCompiler.exe after 0.03 seconds
Refreshing native plugins compatible for Editor in 2.86 ms, found 3 plugins.
Preloading 0 native plugins for Editor in 0.00 ms.
Unloading 3395 Unused Serialized files (Serialized files now loaded: 0)
Unloading 46 unused Assets / (1.8 MB). Loaded Objects now: 3862.
Memory consumption went from 182.0 MB to 180.2 MB.
Total: 2.941100 ms (FindLiveObjects: 0.199100 ms CreateObjectMapping: 0.143600 ms MarkObjects: 2.273100 ms  DeleteObjects: 0.324100 ms)

AssetImportParameters requested are different than current active one (requested -> active):
  custom:container-demuxer-ogg: 62fdf1f143b41e24485cea50d1cbac27 -> 
  custom:video-decoder-ogg-theora: a1e56fd34408186e4bbccfd4996cb3dc -> 
  custom:framework-win-MediaFoundation: 216162199b28c13a410421893ffa2e32 -> 
  custom:CustomObjectIndexerAttribute: 9a22284fe3817be447336de3de66b15e -> 
  custom:container-demuxer-webm: 4f35f7cbe854078d1ac9338744f61a02 -> 
  custom:container-muxer-webm: aa71ff27fc2769a1b78a27578f13a17b -> 
  custom:video-decoder-webm-vp8: 9c59270c3fd7afecdb556c50c9e8de78 -> 
  custom:SearchIndexIgnoredProperties: e643bd26f0fe6173181afceb89e7c659 -> 
  custom:AudioImporter_EditorPlatform: d09bf68614088b80899f8185d706f6e7 -> 
  custom:video-encoder-webm-vp8: eb34c28f22e8b96e1ab97ce403110664 -> 
  custom:audio-decoder-ogg-vorbis: bf7c407c2cedff20999df2af8eb42d56 -> 
  custom:audio-encoder-webm-vorbis: bf7c407c2cedff20999df2af8eb42d56 -> 
========================================================================
Received Import Request.
  Time since last request: 91994.873253 seconds.
  path: Assets/Scenes/MainScene_Profiles/Main Camera Profile.asset
  artifactKey: Guid(58b9ee15aa81b4b4d8ac3814baa37eb8) Importer(815301076,1909f56bfc062723c751e8b465ee728b)
Start importing Assets/Scenes/MainScene_Profiles/Main Camera Profile.asset using Guid(58b9ee15aa81b4b4d8ac3814baa37eb8) Importer(815301076,1909f56bfc062723c751e8b465ee728b)  -> (artifact id: '9eb9db13a552bbeafdfa220b71319050') in 0.013248 seconds
Number of updated asset objects reloaded before import = 0
Number of asset objects unloaded after import = 2
========================================================================
Received Import Request.
  Time since last request: 13.610011 seconds.
  path: Assets/Scenes/MainScene_Profiles/Main Camera Profile.asset
  artifactKey: Guid(58b9ee15aa81b4b4d8ac3814baa37eb8) Importer(815301076,1909f56bfc062723c751e8b465ee728b)
Start importing Assets/Scenes/MainScene_Profiles/Main Camera Profile.asset using Guid(58b9ee15aa81b4b4d8ac3814baa37eb8) Importer(815301076,1909f56bfc062723c751e8b465ee728b)  -> (artifact id: '924c1732749513509f34583d9a70d5f6') in 0.004891 seconds
Number of updated asset objects reloaded before import = 0
Number of asset objects unloaded after import = 2
========================================================================
Received Prepare
Begin MonoManager ReloadAssembly
- Loaded All Assemblies, in  0.379 seconds
Refreshing native plugins compatible for Editor in 3.06 ms, found 3 plugins.
Native extension for UWP target not found
Native extension for WindowsStandalone target not found
Mono: successfully reloaded assembly
- Finished resetting the current domain, in  0.844 seconds
Domain Reload Profiling: 1221ms
	BeginReloadAssembly (127ms)
		ExecutionOrderSort (0ms)
		DisableScriptedObjects (4ms)
		BackupInstance (0ms)
		ReleaseScriptingObjects (0ms)
		CreateAndSetChildDomain (28ms)
	RebuildCommonClasses (25ms)
	RebuildNativeTypeToScriptingClass (8ms)
	initialDomainReloadingComplete (23ms)
	LoadAllAssembliesAndSetupDomain (194ms)
		LoadAssemblies (247ms)
		RebuildTransferFunctionScriptingTraits (0ms)
		AnalyzeDomain (11ms)
			TypeCache.Refresh (5ms)
				TypeCache.ScanAssembly (0ms)
			ScanForSourceGeneratedMonoScriptInfo (0ms)
			ResolveRequiredComponents (5ms)
	FinalizeReload (844ms)
		ReleaseScriptCaches (0ms)
		RebuildScriptCaches (0ms)
		SetupLoadedEditorAssemblies (360ms)
			LogAssemblyErrors (0ms)
			InitializePlatformSupportModulesInManaged (7ms)
			SetLoadedEditorAssemblies (3ms)
			RefreshPlugins (0ms)
			BeforeProcessingInitializeOnLoad (59ms)
			ProcessInitializeOnLoadAttributes (261ms)
			ProcessInitializeOnLoadMethodAttributes (24ms)
			AfterProcessingInitializeOnLoad (6ms)
			EditorAssembliesLoaded (0ms)
		ExecutionOrderSort2 (0ms)
		AwakeInstancesAfterBackupRestoration (8ms)
Refreshing native plugins compatible for Editor in 3.17 ms, found 3 plugins.
Preloading 0 native plugins for Editor in 0.00 ms.
Unloading 3335 Unused Serialized files (Serialized files now loaded: 0)
Unloading 37 unused Assets / (1.8 MB). Loaded Objects now: 3866.
Memory consumption went from 168.1 MB to 166.4 MB.
Total: 3.995600 ms (FindLiveObjects: 0.373200 ms CreateObjectMapping: 0.192200 ms MarkObjects: 2.585400 ms  DeleteObjects: 0.843800 ms)

Prepare: number of updated asset objects reloaded= 0
AssetImportParameters requested are different than current active one (requested -> active):
  custom:container-demuxer-ogg: 62fdf1f143b41e24485cea50d1cbac27 -> 
  custom:video-decoder-ogg-theora: a1e56fd34408186e4bbccfd4996cb3dc -> 
  custom:framework-win-MediaFoundation: 216162199b28c13a410421893ffa2e32 -> 
  custom:CustomObjectIndexerAttribute: 9a22284fe3817be447336de3de66b15e -> 
  custom:container-demuxer-webm: 4f35f7cbe854078d1ac9338744f61a02 -> 
  custom:container-muxer-webm: aa71ff27fc2769a1b78a27578f13a17b -> 
  custom:video-decoder-webm-vp8: 9c59270c3fd7afecdb556c50c9e8de78 -> 
  custom:SearchIndexIgnoredProperties: e643bd26f0fe6173181afceb89e7c659 -> 
  custom:AudioImporter_EditorPlatform: d09bf68614088b80899f8185d706f6e7 -> 
  custom:video-encoder-webm-vp8: eb34c28f22e8b96e1ab97ce403110664 -> 
  custom:audio-decoder-ogg-vorbis: bf7c407c2cedff20999df2af8eb42d56 -> 
  custom:audio-encoder-webm-vorbis: bf7c407c2cedff20999df2af8eb42d56 -> 
========================================================================
Received Import Request.
  Time since last request: 262.139089 seconds.
  path: Assets/Scenes/MainScene_Profiles/Main Camera Profile.asset
  artifactKey: Guid(58b9ee15aa81b4b4d8ac3814baa37eb8) Importer(815301076,1909f56bfc062723c751e8b465ee728b)
Start importing Assets/Scenes/MainScene_Profiles/Main Camera Profile.asset using Guid(58b9ee15aa81b4b4d8ac3814baa37eb8) Importer(815301076,1909f56bfc062723c751e8b465ee728b)  -> (artifact id: '5b7b9c2d9a3d30b6a708e9e19997b55d') in 0.015016 seconds
Number of updated asset objects reloaded before import = 0
Number of asset objects unloaded after import = 3
========================================================================
Received Import Request.
  Time since last request: 19.256645 seconds.
  path: Assets/Scenes/MainScene_Profiles/Main Camera Profile.asset
  artifactKey: Guid(58b9ee15aa81b4b4d8ac3814baa37eb8) Importer(815301076,1909f56bfc062723c751e8b465ee728b)
Start importing Assets/Scenes/MainScene_Profiles/Main Camera Profile.asset using Guid(58b9ee15aa81b4b4d8ac3814baa37eb8) Importer(815301076,1909f56bfc062723c751e8b465ee728b)  -> (artifact id: '13446b5cd20ac9e5bd4e2cc3cfd126f7') in 0.001468 seconds
Number of updated asset objects reloaded before import = 0
Number of asset objects unloaded after import = 2
========================================================================
Received Import Request.
  Time since last request: 3.689568 seconds.
  path: Assets/Scenes/MainScene_Profiles/Main Camera Profile.asset
  artifactKey: Guid(58b9ee15aa81b4b4d8ac3814baa37eb8) Importer(815301076,1909f56bfc062723c751e8b465ee728b)
Start importing Assets/Scenes/MainScene_Profiles/Main Camera Profile.asset using Guid(58b9ee15aa81b4b4d8ac3814baa37eb8) Importer(815301076,1909f56bfc062723c751e8b465ee728b)  -> (artifact id: '4b859da4098fdbee69b4c468b3f41331') in 0.001837 seconds
Number of updated asset objects reloaded before import = 0
Number of asset objects unloaded after import = 3
========================================================================
Received Import Request.
  Time since last request: 32.233297 seconds.
  path: Assets/Scenes/MainScene_Profiles/Main Camera Profile.asset
  artifactKey: Guid(58b9ee15aa81b4b4d8ac3814baa37eb8) Importer(815301076,1909f56bfc062723c751e8b465ee728b)
Start importing Assets/Scenes/MainScene_Profiles/Main Camera Profile.asset using Guid(58b9ee15aa81b4b4d8ac3814baa37eb8) Importer(815301076,1909f56bfc062723c751e8b465ee728b)  -> (artifact id: '6b3aaaf6a9860dd91e050edcd1ce8e1c') in 0.001729 seconds
Number of updated asset objects reloaded before import = 0
Number of asset objects unloaded after import = 4
========================================================================
Received Import Request.
  Time since last request: 12.232350 seconds.
  path: Assets/Scenes/MainScene_Profiles/Main Camera Profile.asset
  artifactKey: Guid(58b9ee15aa81b4b4d8ac3814baa37eb8) Importer(815301076,1909f56bfc062723c751e8b465ee728b)
Start importing Assets/Scenes/MainScene_Profiles/Main Camera Profile.asset using Guid(58b9ee15aa81b4b4d8ac3814baa37eb8) Importer(815301076,1909f56bfc062723c751e8b465ee728b)  -> (artifact id: '1bf76ce95d64d3025a8148100e4f6058') in 0.001344 seconds
Number of updated asset objects reloaded before import = 0
Number of asset objects unloaded after import = 3
========================================================================
Received Import Request.
  Time since last request: 4.208616 seconds.
  path: Assets/Scenes/MainScene_Profiles/Main Camera Profile.asset
  artifactKey: Guid(58b9ee15aa81b4b4d8ac3814baa37eb8) Importer(815301076,1909f56bfc062723c751e8b465ee728b)
Start importing Assets/Scenes/MainScene_Profiles/Main Camera Profile.asset using Guid(58b9ee15aa81b4b4d8ac3814baa37eb8) Importer(815301076,1909f56bfc062723c751e8b465ee728b)  -> (artifact id: '15d2dc3b0fb5beec15b8dd2910dfbc99') in 0.002199 seconds
Number of updated asset objects reloaded before import = 0
Number of asset objects unloaded after import = 4
========================================================================
Received Import Request.
  Time since last request: 87.415442 seconds.
  path: Assets/Scenes/LowPolyScene.unity
  artifactKey: Guid(a4ecefc69988c924f94d6fb135d9c9bc) Importer(815301076,1909f56bfc062723c751e8b465ee728b)
Start importing Assets/Scenes/LowPolyScene.unity using Guid(a4ecefc69988c924f94d6fb135d9c9bc) Importer(815301076,1909f56bfc062723c751e8b465ee728b)  -> (artifact id: '993f6125ba27fb15a3e866c79265dfaa') in 0.000429 seconds
Number of updated asset objects reloaded before import = 0
Number of asset objects unloaded after import = 0
========================================================================
Received Import Request.
  Time since last request: 45.424955 seconds.
  path: Assets/Scenes/LowPolyScene_Profiles/GameObject Profile.asset
  artifactKey: Guid(c20e6fbc7ba2abc4bb36ecd6ce4f7c26) Importer(815301076,1909f56bfc062723c751e8b465ee728b)
Start importing Assets/Scenes/LowPolyScene_Profiles/GameObject Profile.asset using Guid(c20e6fbc7ba2abc4bb36ecd6ce4f7c26) Importer(815301076,1909f56bfc062723c751e8b465ee728b)  -> (artifact id: '6fd3e83f47b8d7cb92df82e17cce1b9a') in 0.001435 seconds
Number of updated asset objects reloaded before import = 0
Number of asset objects unloaded after import = 3
========================================================================
Received Import Request.
  Time since last request: 56.260752 seconds.
  path: Assets/Scenes/LowPolyScene_Profiles/LowPolyProcessing.asset
  artifactKey: Guid(24267c0a8eba7364dbea5e22e56d80d7) Importer(815301076,1909f56bfc062723c751e8b465ee728b)
Start importing Assets/Scenes/LowPolyScene_Profiles/LowPolyProcessing.asset using Guid(24267c0a8eba7364dbea5e22e56d80d7) Importer(815301076,1909f56bfc062723c751e8b465ee728b)  -> (artifact id: 'fb9b25bded24cbf20f0ef1ed6b6d5973') in 0.000912 seconds
Number of updated asset objects reloaded before import = 0
Number of asset objects unloaded after import = 1
========================================================================
Received Import Request.
  Time since last request: 15.583354 seconds.
  path: Assets/Scenes/LowPolyScene_Profiles/LowPolyProcessing.asset
  artifactKey: Guid(24267c0a8eba7364dbea5e22e56d80d7) Importer(815301076,1909f56bfc062723c751e8b465ee728b)
Start importing Assets/Scenes/LowPolyScene_Profiles/LowPolyProcessing.asset using Guid(24267c0a8eba7364dbea5e22e56d80d7) Importer(815301076,1909f56bfc062723c751e8b465ee728b)  -> (artifact id: '9d3a19bab425b580a61a9d4c0bd589f9') in 0.001316 seconds
Number of updated asset objects reloaded before import = 0
Number of asset objects unloaded after import = 2
========================================================================
Received Import Request.
  Time since last request: 84.451789 seconds.
  path: Assets/Scenes/LowPolyScene_Profiles/LowPolyProcessing.asset
  artifactKey: Guid(24267c0a8eba7364dbea5e22e56d80d7) Importer(815301076,1909f56bfc062723c751e8b465ee728b)
Start importing Assets/Scenes/LowPolyScene_Profiles/LowPolyProcessing.asset using Guid(24267c0a8eba7364dbea5e22e56d80d7) Importer(815301076,1909f56bfc062723c751e8b465ee728b)  -> (artifact id: '4b68d3b26346613491b372d7c403f3ac') in 0.002035 seconds
Number of updated asset objects reloaded before import = 0
Number of asset objects unloaded after import = 3
========================================================================
Received Import Request.
  Time since last request: 248.551230 seconds.
  path: Assets/Scenes/LowPolyScene_Profiles/LowPolyProcessing.asset
  artifactKey: Guid(24267c0a8eba7364dbea5e22e56d80d7) Importer(815301076,1909f56bfc062723c751e8b465ee728b)
Start importing Assets/Scenes/LowPolyScene_Profiles/LowPolyProcessing.asset using Guid(24267c0a8eba7364dbea5e22e56d80d7) Importer(815301076,1909f56bfc062723c751e8b465ee728b)  -> (artifact id: 'fe61860032407221d2f19bc3e242577c') in 0.001488 seconds
Number of updated asset objects reloaded before import = 0
Number of asset objects unloaded after import = 2
========================================================================
Received Import Request.
  Time since last request: 101.266905 seconds.
  path: Assets/Scenes/LowPolyScene_Profiles/LowPolyProcessing.asset
  artifactKey: Guid(24267c0a8eba7364dbea5e22e56d80d7) Importer(815301076,1909f56bfc062723c751e8b465ee728b)
Start importing Assets/Scenes/LowPolyScene_Profiles/LowPolyProcessing.asset using Guid(24267c0a8eba7364dbea5e22e56d80d7) Importer(815301076,1909f56bfc062723c751e8b465ee728b)  -> (artifact id: '3b831387774ea003a1cab12ffefea7eb') in 0.002182 seconds
Number of updated asset objects reloaded before import = 0
Number of asset objects unloaded after import = 3
========================================================================
Received Import Request.
  Time since last request: 4.277150 seconds.
  path: Assets/Scenes/LowPolyScene_Profiles/LowPolyProcessing.asset
  artifactKey: Guid(24267c0a8eba7364dbea5e22e56d80d7) Importer(815301076,1909f56bfc062723c751e8b465ee728b)
Start importing Assets/Scenes/LowPolyScene_Profiles/LowPolyProcessing.asset using Guid(24267c0a8eba7364dbea5e22e56d80d7) Importer(815301076,1909f56bfc062723c751e8b465ee728b)  -> (artifact id: '756a670b173ca41685142f218b26b81f') in 0.002622 seconds
Number of updated asset objects reloaded before import = 0
Number of asset objects unloaded after import = 2
